<?xml version="1.0" encoding="UTF-8"?>
<testsuite name="com.example.gather.AdvancedAudioTest" tests="3" skipped="0" failures="0" errors="0" timestamp="2026-05-17T01:03:27" hostname="DESKTOP-JESRSGV" time="0.053">
  <properties/>
  <testcase name="test overlapping private areas priority" classname="com.example.gather.AdvancedAudioTest" time="0.028"/>
  <testcase name="test triple user isolation - different rooms and public area" classname="com.example.gather.AdvancedAudioTest" time="0.024"/>
  <testcase name="test volume transition at room boundary" classname="com.example.gather.AdvancedAudioTest" time="0.0"/>
  <system-out><![CDATA[]]></system-out>
  <system-err><![CDATA[]]></system-err>
</testsuite>
