<?xml version="1.0" encoding="UTF-8"?>
<testsuite name="com.example.gather.SpatialLogicTest" tests="8" skipped="0" failures="0" errors="0" timestamp="2026-05-17T01:03:27" hostname="DESKTOP-JESRSGV" time="9.815">
  <properties/>
  <testcase name="test lerp interpolation moves position towards target" classname="com.example.gather.SpatialLogicTest" time="9.742"/>
  <testcase name="test spotlight mode ignores distance" classname="com.example.gather.SpatialLogicTest" time="0.001"/>
  <testcase name="test item interaction range" classname="com.example.gather.SpatialLogicTest" time="0.001"/>
  <testcase name="test avatar collision with tables" classname="com.example.gather.SpatialLogicTest" time="0.0"/>
  <testcase name="test spatial audio isolation in private rooms" classname="com.example.gather.SpatialLogicTest" time="0.068"/>
  <testcase name="test distance-based audio attenuation" classname="com.example.gather.SpatialLogicTest" time="0.001"/>
  <testcase name="test quiet mode mutes all audio" classname="com.example.gather.SpatialLogicTest" time="0.001"/>
  <testcase name="test avatar cannot move out of walkable area" classname="com.example.gather.SpatialLogicTest" time="0.0"/>
  <system-out><![CDATA[]]></system-out>
  <system-err><![CDATA[]]></system-err>
</testsuite>
